<?xml version="1.0" encoding="UTF-8"?>
<!-- Generated by org.testng.reporters.JUnitReportReporter -->
<testsuite skipped="0" hostname="WIN-ENFSLA0S80S" name="UsedCar" tests="1" failures="0" timestamp="02 Jun 2022 18:51:11 GMT" time="22.236" errors="0">
  <testcase name="searchMakeModel" time="22.236" classname="UsedCar"/>
</testsuite> <!-- UsedCar -->
