<?xml version="1.0" encoding="UTF-8"?>
<!-- Generated by org.testng.reporters.JUnitReportReporter -->
<testsuite skipped="0" hostname="WIN-ENFSLA0S80S" name="carsaver.LogInValidCred" tests="1" failures="0" timestamp="02 Jun 2022 04:40:35 GMT" time="21.023" errors="0">
  <testcase name="validLogin" time="21.023" classname="carsaver.LogInValidCred"/>
</testsuite> <!-- carsaver.LogInValidCred -->
