<?xml version="1.0" encoding="UTF-8"?>
<!-- Generated by org.testng.reporters.JUnitReportReporter -->
<testsuite skipped="0" hostname="WIN-ENFSLA0S80S" name="apps.carsaver.SearchNewCarBy" tests="2" failures="0" timestamp="03 Jun 2022 22:53:55 GMT" time="24.869" errors="0">
  <testcase name="searchMakeModel" time="12.186" classname="apps.carsaver.SearchNewCarBy"/>
  <testcase name="searchBodyStyle" time="12.683" classname="apps.carsaver.SearchNewCarBy"/>
</testsuite> <!-- apps.carsaver.SearchNewCarBy -->
