<?xml version="1.0" encoding="UTF-8"?>
<!-- Generated by org.testng.reporters.JUnitReportReporter -->
<testsuite skipped="0" hostname="WIN-ENFSLA0S80S" name="NewCar" tests="2" failures="0" timestamp="02 Jun 2022 18:17:23 GMT" time="31.775" errors="0">
  <testcase name="searchBodyStyle" time="12.928" classname="NewCar"/>
  <testcase name="searchMakeModel" time="18.847" classname="NewCar"/>
</testsuite> <!-- NewCar -->
