<?xml version="1.0" encoding="UTF-8"?>
<!-- Generated by org.testng.reporters.JUnitReportReporter -->
<testsuite skipped="0" hostname="WIN-ENFSLA0S80S" name="apps.carsaver.HeaderFunctionalities" tests="1" failures="0" timestamp="03 Jun 2022 22:53:55 GMT" time="13.435" errors="0">
  <testcase name="shopNewCar" time="13.435" classname="apps.carsaver.HeaderFunctionalities"/>
</testsuite> <!-- apps.carsaver.HeaderFunctionalities -->
