<?xml version="1.0" encoding="UTF-8"?>
<!-- Generated by org.testng.reporters.JUnitReportReporter -->
<testsuite skipped="0" hostname="WIN-ENFSLA0S80S" name="carsaver.LogInInvalidCred" tests="1" failures="0" timestamp="02 Jun 2022 04:38:53 GMT" time="20.189" errors="0">
  <testcase name="invalidLogin" time="20.189" classname="carsaver.LogInInvalidCred"/>
</testsuite> <!-- carsaver.LogInInvalidCred -->
