<?xml version="1.0" encoding="UTF-8"?>
<!-- Generated by org.testng.reporters.JUnitReportReporter -->
<testsuite skipped="0" hostname="WIN-ENFSLA0S80S" name="apps.carsaver.SearchUsedCarBy" tests="2" failures="0" timestamp="03 Jun 2022 22:53:55 GMT" time="32.170" errors="0">
  <testcase name="searchMakeModel" time="16.330" classname="apps.carsaver.SearchUsedCarBy"/>
  <testcase name="searchBodyStyle" time="15.840" classname="apps.carsaver.SearchUsedCarBy"/>
</testsuite> <!-- apps.carsaver.SearchUsedCarBy -->
