<?xml version="1.0" encoding="UTF-8"?>
<!-- Generated by org.testng.reporters.JUnitReportReporter -->
<testsuite skipped="0" hostname="WIN-ENFSLA0S80S" name="apps.carsaver.FilterSearchResult" tests="1" failures="0" timestamp="03 Jun 2022 22:53:55 GMT" time="23.801" errors="0">
  <testcase name="searchFilters" time="23.801" classname="apps.carsaver.FilterSearchResult"/>
</testsuite> <!-- apps.carsaver.FilterSearchResult -->
