<?xml version="1.0" encoding="UTF-8"?>
<!-- Generated by org.testng.reporters.JUnitReportReporter -->
<testsuite skipped="0" hostname="WIN-ENFSLA0S80S" name="apps.carsaver.Login" tests="2" failures="0" timestamp="03 Jun 2022 22:53:55 GMT" time="33.285" errors="0">
  <testcase name="invalidLogin" time="13.565" classname="apps.carsaver.Login"/>
  <testcase name="validLogin" time="19.720" classname="apps.carsaver.Login"/>
</testsuite> <!-- apps.carsaver.Login -->
